<?xml version="1.0" encoding="UTF-8"?>
<testng-results ignored="0" total="1" passed="1" failed="0" skipped="0">
  <reporter-output>
  </reporter-output>
  <suite started-at="2026-03-10T11:47:15 IST" name="Suite" finished-at="2026-03-10T11:47:53 IST" duration-ms="38662">
    <groups>
    </groups>
    <test started-at="2026-03-10T11:47:15 IST" name="Test" finished-at="2026-03-10T11:47:53 IST" duration-ms="38662">
      <class name="test.EndToEndTest">
        <test-method is-config="true" signature="setup()[pri:0, instance:test.EndToEndTest@795509d9]" started-at="2026-03-10T11:47:15 IST" name="setup" finished-at="2026-03-10T11:47:21 IST" duration-ms="6622" status="PASS">
          <reporter-output>
          </reporter-output>
        </test-method> <!-- setup -->
        <test-method signature="completeFlow()[pri:0, instance:test.EndToEndTest@795509d9]" started-at="2026-03-10T11:47:21 IST" name="completeFlow" finished-at="2026-03-10T11:47:52 IST" duration-ms="30640" status="PASS">
          <reporter-output>
          </reporter-output>
        </test-method> <!-- completeFlow -->
        <test-method is-config="true" signature="tearDown()[pri:0, instance:test.EndToEndTest@795509d9]" started-at="2026-03-10T11:47:52 IST" name="tearDown" finished-at="2026-03-10T11:47:53 IST" duration-ms="972" status="PASS">
          <reporter-output>
          </reporter-output>
        </test-method> <!-- tearDown -->
      </class> <!-- test.EndToEndTest -->
    </test> <!-- Test -->
  </suite> <!-- Suite -->
</testng-results>
